%Warning-PINCONNECTEMPTY: src/top.sv:250:6: Cell pin connected by name with empty reference: 'zeroflag'
  250 |     .zeroflag()  
      |      ^~~~~~~~
                          ... For warning description see https://verilator.org/warn/PINCONNECTEMPTY?v=5.036
                          ... Use "/* verilator lint_off PINCONNECTEMPTY */" and lint_on around source to disable this message.
%Warning-UNUSEDSIGNAL: src/top.sv:108:13: Bits of signal are not used: 'id_ex'[166:135,33:27]
                                        : ... note: In instance 'top'
  108 | id_ex_reg_t id_ex, id_ex_nxt;
      |             ^~~~~
                       ... For warning description see https://verilator.org/warn/UNUSEDSIGNAL?v=5.036
                       ... Use "/* verilator lint_off UNUSEDSIGNAL */" and lint_on around source to disable this message.
%Warning-UNUSEDSIGNAL: src/branch_predictor.sv:11:25: Bits of signal are not used: 'resolved_pc'[1:0]
                                                    : ... note: In instance 'top.bp'
   11 |     input  logic [31:0] resolved_pc,
      |                         ^~~~~~~~~~~
%Warning-UNUSEDSIGNAL: src/data_mem.v:13:18: Bits of signal are not used: 'address'[31:7,1:0]
                                           : ... note: In instance 'top.dmem_inst'
   13 |     input [31:0] address,          
      |                  ^~~~~~~
%Warning-UNUSEDSIGNAL: src/data_mem.v:20:13: Signal is not driven, nor used: 'i'
                                           : ... note: In instance 'top.dmem_inst'
   20 |     integer i;
      |             ^
%Warning-UNUSEDSIGNAL: src/imm_gen.sv:4:25: Bits of signal are not used: 'instr'[19:12,6:0]
                                          : ... note: In instance 'top.imm_gen'
    4 |     input  logic [31:0] instr,
      |                         ^~~~~
%Warning-UNUSEDSIGNAL: src/instr_mem.v:8:18: Bits of signal are not used: 'PCin'[31:7,1:0]
                                           : ... note: In instance 'top.instr_mem'
    8 |     input [31:0] PCin,              
      |                  ^~~~
%Error: Exiting due to 7 warning(s)
